[debug] [2025-05-15T07:02:12.923Z] ----------------------------------------------------------------------
[debug] [2025-05-15T07:02:12.928Z] Command:       /nix/store/rbdrkcs5kkwpalxcd7c6bnm33lk2955n-nodejs-20.19.0/bin/node /home/user/.global_modules/bin/firebase init
[debug] [2025-05-15T07:02:12.929Z] CLI Version:   14.3.1
[debug] [2025-05-15T07:02:12.930Z] Platform:      linux
[debug] [2025-05-15T07:02:12.930Z] Node Version:  v20.19.0
[debug] [2025-05-15T07:02:12.930Z] Time:          Thu May 15 2025 07:02:12 GMT+0000 (Coordinated Universal Time)
[debug] [2025-05-15T07:02:12.930Z] ----------------------------------------------------------------------
[debug] 
[debug] [2025-05-15T07:02:13.580Z] > command requires scopes: ["email","openid","https://www.googleapis.com/auth/cloudplatformprojects.readonly","https://www.googleapis.com/auth/firebase","https://www.googleapis.com/auth/cloud-platform"]
[debug] [2025-05-15T07:02:13.582Z] > authorizing via signed-in user (mohit.sharma80805@gmail.com)
[info] 
     ######## #### ########  ######## ########     ###     ######  ########
     ##        ##  ##     ## ##       ##     ##  ##   ##  ##       ##
     ######    ##  ########  ######   ########  #########  ######  ######
     ##        ##  ##    ##  ##       ##     ## ##     ##       ## ##
     ##       #### ##     ## ######## ########  ##     ##  ######  ########

You're about to initialize a Firebase project in this directory:

  /home/user/studio

Before we get started, keep in mind:

  * You are initializing within an existing Firebase project directory

